<?xml version="1.0" encoding="UTF-8"?>
<!-- Generated by org.testng.reporters.JUnitXMLReporter -->
<testsuite ignored="0" hostname="DESKTOP-7IL8GUR" failures="0" tests="5" name="HomePage Test" time="86.842" errors="0" timestamp="2025-03-27T05:02:07 IST">
  <testcase classname="com.tests.Registertest" name="register" time="5.989"/>
  <testcase classname="com.tests.Registertest" name="register" time="3.622"/>
  <testcase classname="com.tests.Registertest" name="register" time="5.562"/>
  <testcase classname="com.tests.Registertest" name="register" time="3.583"/>
  <testcase classname="com.tests.Hometest" name="verifyHomePageText" time="1.543"/>
</testsuite> <!-- HomePage Test -->
