<?xml version="1.0" encoding="UTF-8"?>
<!-- Generated by org.testng.reporters.JUnitXMLReporter -->
<testsuite ignored="0" hostname="DESKTOP-7IL8GUR" failures="0" tests="5" name="HomePage Test" time="79.736" errors="0" timestamp="2025-03-26T20:49:50 IST">
  <testcase classname="com.tests.Registertest" name="register" time="5.65"/>
  <testcase classname="com.tests.Registertest" name="register" time="3.502"/>
  <testcase classname="com.tests.Registertest" name="register" time="5.074"/>
  <testcase classname="com.tests.Registertest" name="register" time="3.326"/>
  <testcase classname="com.tests.Hometest" name="verifyHomePageText" time="1.447"/>
</testsuite> <!-- HomePage Test -->
