<?xml version="1.0" encoding="UTF-8"?>
<testng-results ignored="0" total="5" passed="5" failed="0" skipped="0">
  <reporter-output>
  </reporter-output>
  <suite started-at="2025-03-27T05:14:14 IST" name="Test Suite" finished-at="2025-03-27T05:15:55 IST" duration-ms="101476">
    <groups>
    </groups>
    <test started-at="2025-03-27T05:14:14 IST" name="HomePage Test" finished-at="2025-03-27T05:15:55 IST" duration-ms="101476">
      <class name="com.tests.Registertest">
        <test-method is-config="true" signature="setUp()[pri:0, instance:com.tests.Registertest@3febb011]" started-at="2025-03-27T05:14:18 IST" name="setUp" finished-at="2025-03-27T05:14:39 IST" duration-ms="21182" status="PASS">
          <reporter-output>
          </reporter-output>
        </test-method> <!-- setUp -->
        <test-method signature="register(java.lang.String,java.lang.String,java.lang.String,java.lang.String,java.lang.String,java.lang.String)[pri:0, instance:com.tests.Registertest@3febb011]" started-at="2025-03-27T05:14:39 IST" name="register" data-provider="exceldata" finished-at="2025-03-27T05:14:49 IST" duration-ms="9450" status="PASS">
          <params>
            <param index="0">
              <value>
                <![CDATA[Male]]>
              </value>
            </param>
            <param index="1">
              <value>
                <![CDATA[dh]]>
              </value>
            </param>
            <param index="2">
              <value>
                <![CDATA[m]]>
              </value>
            </param>
            <param index="3">
              <value>
                <![CDATA[2k21cse0220@kiot.ac.in]]>
              </value>
            </param>
            <param index="4">
              <value>
                <![CDATA[123456]]>
              </value>
            </param>
            <param index="5">
              <value>
                <![CDATA[already]]>
              </value>
            </param>
          </params>
          <reporter-output>
          </reporter-output>
        </test-method> <!-- register -->
        <test-method is-config="true" signature="tearDown()[pri:0, instance:com.tests.Registertest@3febb011]" started-at="2025-03-27T05:14:49 IST" name="tearDown" finished-at="2025-03-27T05:14:55 IST" duration-ms="5986" status="PASS">
          <reporter-output>
          </reporter-output>
        </test-method> <!-- tearDown -->
        <test-method is-config="true" signature="setUp()[pri:0, instance:com.tests.Registertest@3febb011]" started-at="2025-03-27T05:14:55 IST" name="setUp" finished-at="2025-03-27T05:15:08 IST" duration-ms="13162" status="PASS">
          <reporter-output>
          </reporter-output>
        </test-method> <!-- setUp -->
        <test-method signature="register(java.lang.String,java.lang.String,java.lang.String,java.lang.String,java.lang.String,java.lang.String)[pri:0, instance:com.tests.Registertest@3febb011]" started-at="2025-03-27T05:15:08 IST" name="register" data-provider="exceldata" finished-at="2025-03-27T05:15:11 IST" duration-ms="3182" status="PASS">
          <params>
            <param index="0">
              <value>
                <![CDATA[FeMale]]>
              </value>
            </param>
            <param index="1">
              <value>
                <![CDATA[dharanipii]]>
              </value>
            </param>
            <param index="2">
              <value>
                <![CDATA[m]]>
              </value>
            </param>
            <param index="3">
              <value>
                <![CDATA[2k]]>
              </value>
            </param>
            <param index="4">
              <value>
                <![CDATA[453216]]>
              </value>
            </param>
            <param index="5">
              <value>
                <![CDATA[duplicate]]>
              </value>
            </param>
          </params>
          <reporter-output>
          </reporter-output>
        </test-method> <!-- register -->
        <test-method is-config="true" signature="tearDown()[pri:0, instance:com.tests.Registertest@3febb011]" started-at="2025-03-27T05:15:11 IST" name="tearDown" finished-at="2025-03-27T05:15:11 IST" duration-ms="313" status="PASS">
          <reporter-output>
          </reporter-output>
        </test-method> <!-- tearDown -->
        <test-method is-config="true" signature="setUp()[pri:0, instance:com.tests.Registertest@3febb011]" started-at="2025-03-27T05:15:11 IST" name="setUp" finished-at="2025-03-27T05:15:19 IST" duration-ms="8034" status="PASS">
          <reporter-output>
          </reporter-output>
        </test-method> <!-- setUp -->
        <test-method signature="register(java.lang.String,java.lang.String,java.lang.String,java.lang.String,java.lang.String,java.lang.String)[pri:0, instance:com.tests.Registertest@3febb011]" started-at="2025-03-27T05:15:19 IST" name="register" data-provider="exceldata" finished-at="2025-03-27T05:15:24 IST" duration-ms="4903" status="PASS">
          <params>
            <param index="0">
              <value>
                <![CDATA[Male]]>
              </value>
            </param>
            <param index="1">
              <value>
                <![CDATA[guhanathan]]>
              </value>
            </param>
            <param index="2">
              <value>
                <![CDATA[m]]>
              </value>
            </param>
            <param index="3">
              <value>
                <![CDATA[2k21gu@gmail.com]]>
              </value>
            </param>
            <param index="4">
              <value>
                <![CDATA[123456]]>
              </value>
            </param>
            <param index="5">
              <value>
                <![CDATA[pass]]>
              </value>
            </param>
          </params>
          <reporter-output>
          </reporter-output>
        </test-method> <!-- register -->
        <test-method is-config="true" signature="tearDown()[pri:0, instance:com.tests.Registertest@3febb011]" started-at="2025-03-27T05:15:24 IST" name="tearDown" finished-at="2025-03-27T05:15:25 IST" duration-ms="507" status="PASS">
          <reporter-output>
          </reporter-output>
        </test-method> <!-- tearDown -->
        <test-method is-config="true" signature="setUp()[pri:0, instance:com.tests.Registertest@3febb011]" started-at="2025-03-27T05:15:25 IST" name="setUp" finished-at="2025-03-27T05:15:33 IST" duration-ms="7828" status="PASS">
          <reporter-output>
          </reporter-output>
        </test-method> <!-- setUp -->
        <test-method signature="register(java.lang.String,java.lang.String,java.lang.String,java.lang.String,java.lang.String,java.lang.String)[pri:0, instance:com.tests.Registertest@3febb011]" started-at="2025-03-27T05:15:33 IST" name="register" data-provider="exceldata" finished-at="2025-03-27T05:15:41 IST" duration-ms="8229" status="PASS">
          <params>
            <param index="0">
              <value>
                <![CDATA[FeMale]]>
              </value>
            </param>
            <param index="1">
              <value>
                <![CDATA[dharu]]>
              </value>
            </param>
            <param index="2">
              <value>
                <![CDATA[m]]>
              </value>
            </param>
            <param index="3">
              <value>
                <![CDATA[]]>
              </value>
            </param>
            <param index="4">
              <value>
                <![CDATA[234567]]>
              </value>
            </param>
            <param index="5">
              <value>
                <![CDATA[required]]>
              </value>
            </param>
          </params>
          <reporter-output>
          </reporter-output>
        </test-method> <!-- register -->
        <test-method is-config="true" signature="tearDown()[pri:0, instance:com.tests.Registertest@3febb011]" started-at="2025-03-27T05:15:41 IST" name="tearDown" finished-at="2025-03-27T05:15:42 IST" duration-ms="1404" status="PASS">
          <reporter-output>
          </reporter-output>
        </test-method> <!-- tearDown -->
      </class> <!-- com.tests.Registertest -->
      <class name="com.tests.Hometest">
        <test-method is-config="true" signature="setUp()[pri:0, instance:com.tests.Hometest@6aba2b86]" started-at="2025-03-27T05:15:42 IST" name="setUp" finished-at="2025-03-27T05:15:53 IST" duration-ms="10605" status="PASS">
          <reporter-output>
          </reporter-output>
        </test-method> <!-- setUp -->
        <test-method signature="verifyHomePageText()[pri:1, instance:com.tests.Hometest@6aba2b86]" started-at="2025-03-27T05:15:53 IST" name="verifyHomePageText" finished-at="2025-03-27T05:15:54 IST" duration-ms="1480" status="PASS">
          <reporter-output>
          </reporter-output>
        </test-method> <!-- verifyHomePageText -->
        <test-method is-config="true" signature="tearDown()[pri:0, instance:com.tests.Hometest@6aba2b86]" started-at="2025-03-27T05:15:54 IST" name="tearDown" finished-at="2025-03-27T05:15:55 IST" duration-ms="731" status="PASS">
          <reporter-output>
          </reporter-output>
        </test-method> <!-- tearDown -->
      </class> <!-- com.tests.Hometest -->
    </test> <!-- HomePage Test -->
  </suite> <!-- Test Suite -->
</testng-results>
