<?xml version="1.0" encoding="UTF-8"?>
<testsuite xmlns:xsi="http://www.w3.org/2001/XMLSchema-instance" xsi:noNamespaceSchemaLocation="https://maven.apache.org/surefire/maven-surefire-plugin/xsd/surefire-test-report.xsd" version="3.0.2" name="TestSuite" time="104.984" tests="5" errors="0" skipped="0" failures="0">
  <properties>
[...]
</properties>
  <testcase name="register[Male, dh, m, 2k21cse0220@kiot.ac.in, 123456, already](1)" classname="com.tests.Registertest" time="9.524">
    <system-out><![CDATA[2025-03-26T23:44:14.644742300Z TestNG-tests-1 ERROR Log4j API could not find a logging provider.
Test Started: register
Register test started
Assertion success in home page
Asserted the register page
Registration process completed
already exists]]></system-out>
    <system-err><![CDATA[SLF4J(W): No SLF4J providers were found.
SLF4J(W): Defaulting to no-operation (NOP) logger implementation
SLF4J(W): See https://www.slf4j.org/codes.html#noProviders for further details.
Mar 27, 2025 5:14:32 AM org.openqa.selenium.devtools.CdpVersionFinder findNearestMatch
WARNING: Unable to find an exact match for CDP version 134, returning the closest version; found: 133; Please update to a Selenium version that supports CDP version 134
]]></system-err>
  </testcase>
  <testcase name="register[FeMale, dharanipii, m, 2k, 453216, duplicate](2)" classname="com.tests.Registertest" time="3.194">
    <system-out><![CDATA[Test Passed: register
Test Started: register
Register test started
Assertion success in home page
Asserted the register page
Registration process completed
duplicate value entered]]></system-out>
    <system-err><![CDATA[Mar 27, 2025 5:15:03 AM org.openqa.selenium.devtools.CdpVersionFinder findNearestMatch
WARNING: Unable to find an exact match for CDP version 134, returning the closest version; found: 133; Please update to a Selenium version that supports CDP version 134
]]></system-err>
  </testcase>
  <testcase name="register[Male, guhanathan, m, 2k21gu@gmail.com, 123456, pass](3)" classname="com.tests.Registertest" time="4.907">
    <system-out><![CDATA[Test Passed: register
Test Started: register
Register test started
Assertion success in home page
Asserted the register page
Registration process completed
]]></system-out>
    <system-err><![CDATA[Mar 27, 2025 5:15:15 AM org.openqa.selenium.devtools.CdpVersionFinder findNearestMatch
WARNING: Unable to find an exact match for CDP version 134, returning the closest version; found: 133; Please update to a Selenium version that supports CDP version 134
]]></system-err>
  </testcase>
  <testcase name="register[FeMale, dharu, m, , 234567, required](4)" classname="com.tests.Registertest" time="8.231">
    <system-out><![CDATA[Test Passed: register
Test Started: register
Register test started
Assertion success in home page
Asserted the register page
Registration process completed
enter the required field]]></system-out>
    <system-err><![CDATA[Mar 27, 2025 5:15:29 AM org.openqa.selenium.devtools.CdpVersionFinder findNearestMatch
WARNING: Unable to find an exact match for CDP version 134, returning the closest version; found: 133; Please update to a Selenium version that supports CDP version 134
]]></system-err>
  </testcase>
  <testcase name="verifyHomePageText" classname="com.tests.Hometest" time="1.494">
    <system-out><![CDATA[Test Passed: register
Test Started: verifyHomePageText
Assertion success in home page
]]></system-out>
    <system-err><![CDATA[Mar 27, 2025 5:15:49 AM org.openqa.selenium.devtools.CdpVersionFinder findNearestMatch
WARNING: Unable to find an exact match for CDP version 134, returning the closest version; found: 133; Please update to a Selenium version that supports CDP version 134
]]></system-err>
  </testcase>
</testsuite>